2024-11-23 00:43:15 Loading main app package /usr/lib/obsidian/obsidian.asar
2024-11-23 00:43:15 Checking for update using Github
2024-11-23 00:43:15 Success.
2024-11-23 00:43:15 Latest version is 1.7.7
2024-11-23 00:43:15 App is up to date.
2024-11-23 00:46:50 Loading main app package /usr/lib/obsidian/obsidian.asar
2024-11-23 00:46:50 Checking for update using Github
2024-11-23 00:46:50 Success.
2024-11-23 00:46:50 Latest version is 1.7.7
2024-11-23 00:46:50 App is up to date.
2024-11-23 00:48:07 Loading main app package /usr/lib/obsidian/obsidian.asar
2024-11-23 00:48:07 Checking for update using Github
2024-11-23 00:48:08 Success.
2024-11-23 00:48:08 Latest version is 1.7.7
2024-11-23 00:48:08 App is up to date.
2024-11-23 00:50:19 Loading main app package /usr/lib/obsidian/obsidian.asar
2024-11-23 00:50:19 Checking for update using Github
2024-11-23 00:50:20 Success.
2024-11-23 00:50:20 Latest version is 1.7.7
2024-11-23 00:50:20 App is up to date.
2024-11-23 02:27:07 Loading main app package /usr/lib/obsidian/obsidian.asar
2024-11-23 02:27:07 Checking for update using Github
2024-11-23 02:27:07 Success.
2024-11-23 02:27:07 Latest version is 1.7.7
2024-11-23 02:27:07 App is up to date.
2024-11-23 04:01:55 Loading main app package /usr/lib/obsidian/obsidian.asar
2024-11-23 04:01:55 Checking for update using Github
2024-11-23 04:01:55 Success.
2024-11-23 04:01:55 Latest version is 1.7.7
2024-11-23 04:01:55 App is up to date.
2024-11-23 21:19:18 Loading main app package /usr/lib/obsidian/obsidian.asar
2024-11-23 21:19:18 Checking for update using Github
2024-11-23 21:19:19 Success.
2024-11-23 21:19:19 Latest version is 1.7.7
2024-11-23 21:19:19 App is up to date.
2024-11-23 21:35:54 Loading main app package /usr/lib/obsidian/obsidian.asar
2024-11-23 21:35:54 Checking for update using Github
2024-11-23 22:19:18 Checking for update using Github
2024-11-23 22:19:18 Success.
2024-11-23 22:19:18 Latest version is 1.7.7
2024-11-23 22:19:18 App is up to date.
2024-11-23 23:19:18 Checking for update using Github
2024-11-23 23:19:18 Success.
2024-11-23 23:19:18 Latest version is 1.7.7
2024-11-23 23:19:18 App is up to date.
